2025-07-06 22:28:21,470 - INFO - Creating Vendor Summary Table.....
2025-07-06 22:28:32,343 - INFO -    VendorNumber                   VendorName  Brand              Description  PurchasePrice  ...  TotalSalesQuantity TotalSalesDollars  TotalSalesPrice  TotalExciseTax  FreightCost
0          1128  BROWN-FORMAN CORP             1233  Jack Daniels No 7 Black          26.27  ...            142049.0        5101919.51        672819.31       260999.20     68601.68
1          4425        MARTIGNETTI COMPANIES   3405    Tito's Handmade Vodka          23.19  ...            160247.0        4819073.49        561512.37       294438.66    144929.24
2         17035  PERNOD RICARD USA             8068         Absolut 80 Proof          18.24  ...            187140.0        4538120.60        461140.15       343854.07    123780.22
3          3960  DIAGEO NORTH AMERICA INC      4261   Capt Morgan Spiced Rum          16.17  ...            200412.0        4475972.88        420050.01       368242.80    257032.07
4          3960  DIAGEO NORTH AMERICA INC      3545          Ketel One Vodka          21.89  ...            135838.0        4223107.62        545778.28       249587.83    257032.07

[5 rows x 14 columns]
2025-07-06 22:28:32,351 - INFO - Cleaning Data.....
2025-07-06 22:31:48,713 - INFO - Creating Vendor Summary Table.....
2025-07-06 22:31:57,726 - INFO -    VendorNumber                   VendorName  Brand              Description  PurchasePrice  ...  TotalSalesQuantity TotalSalesDollars  TotalSalesPrice  TotalExciseTax  FreightCost
0          1128  BROWN-FORMAN CORP             1233  Jack Daniels No 7 Black          26.27  ...            142049.0        5101919.51        672819.31       260999.20     68601.68
1          4425        MARTIGNETTI COMPANIES   3405    Tito's Handmade Vodka          23.19  ...            160247.0        4819073.49        561512.37       294438.66    144929.24
2         17035  PERNOD RICARD USA             8068         Absolut 80 Proof          18.24  ...            187140.0        4538120.60        461140.15       343854.07    123780.22
3          3960  DIAGEO NORTH AMERICA INC      4261   Capt Morgan Spiced Rum          16.17  ...            200412.0        4475972.88        420050.01       368242.80    257032.07
4          3960  DIAGEO NORTH AMERICA INC      3545          Ketel One Vodka          21.89  ...            135838.0        4223107.62        545778.28       249587.83    257032.07

[5 rows x 14 columns]
2025-07-06 22:31:57,731 - INFO - Cleaning Data.....
2025-07-06 22:31:57,734 - INFO -    VendorNumber                VendorName  Brand              Description  PurchasePrice  ...  FreightCost  GrossProfit  ProfitMargin  StockTurnover  Sales To PurchaseRatio
0          1128         BROWN-FORMAN CORP   1233  Jack Daniels No 7 Black          26.27  ...     68601.68   1290667.91     25.297693       0.979108                1.338647
1          4425     MARTIGNETTI COMPANIES   3405    Tito's Handmade Vodka          23.19  ...    144929.24   1015032.27     21.062810       0.976890                1.266830
2         17035         PERNOD RICARD USA   8068         Absolut 80 Proof          18.24  ...    123780.22   1119816.92     24.675786       0.998575                1.327594
3          3960  DIAGEO NORTH AMERICA INC   4261   Capt Morgan Spiced Rum          16.17  ...    257032.07   1214774.94     27.139908       0.993703                1.372493
4          3960  DIAGEO NORTH AMERICA INC   3545          Ketel One Vodka          21.89  ...    257032.07   1199901.61     28.412764       0.983556                1.396897

[5 rows x 18 columns]
2025-07-06 22:31:57,737 - INFO - Ingesting Data.....
2025-07-06 22:31:57,746 - ERROR - ❌ Failed to ingest DataFrame to        VendorNumber                VendorName  Brand                  Description  PurchasePrice  ...  FreightCost  GrossProfit  ProfitMargin  StockTurnover  Sales To PurchaseRatio
0              1128         BROWN-FORMAN CORP   1233      Jack Daniels No 7 Black          26.27  ...     68601.68   1290667.91     25.297693       0.979108                1.338647
1              4425     MARTIGNETTI COMPANIES   3405        Tito's Handmade Vodka          23.19  ...    144929.24   1015032.27     21.062810       0.976890                1.266830
2             17035         PERNOD RICARD USA   8068             Absolut 80 Proof          18.24  ...    123780.22   1119816.92     24.675786       0.998575                1.327594
3              3960  DIAGEO NORTH AMERICA INC   4261       Capt Morgan Spiced Rum          16.17  ...    257032.07   1214774.94     27.139908       0.993703                1.372493
4              3960  DIAGEO NORTH AMERICA INC   3545              Ketel One Vodka          21.89  ...    257032.07   1199901.61     28.412764       0.983556                1.396897
...             ...                       ...    ...                          ...            ...  ...          ...          ...           ...            ...                     ...
10687          9815            WINE GROUP INC   8527  Concannon Glen Ellen Wh Zin           1.32  ...     27100.41        13.31     83.448276       2.500000                6.041667
10688          8004            SAZERAC CO INC   5683  Dr McGillicuddy's Apple Pie           0.39  ...     50293.62        63.32     96.436186      22.333333               28.059829
10689          3924  HEAVEN HILL DISTILLERIES   9123              Deep Eddy Vodka           0.74  ...     14069.87         0.50     25.252525       1.000000                1.337838
10690          3960  DIAGEO NORTH AMERICA INC   6127  The Club Strawbry Margarita           1.47  ...    257032.07       141.81     98.974037      72.000000               97.469388
10691          7245      PROXIMO SPIRITS INC.   3065     Three Olives Grape Vodka           0.71  ...     38994.78        84.43     99.166079      86.000000              119.915493

[10692 rows x 18 columns]: Execution failed on sql '
        SELECT
            name
        FROM
            sqlite_master
        WHERE
            type IN ('table', 'view')
            AND name=?;
        ': Error binding parameter 1: type 'DataFrame' is not supported
2025-07-06 22:31:57,746 - INFO - Completed.....
2025-07-06 22:34:52,942 - INFO - Creating Vendor Summary Table.....
2025-07-06 22:35:02,234 - INFO -    VendorNumber                   VendorName  Brand              Description  \
0          1128  BROWN-FORMAN CORP             1233  Jack Daniels No 7 Black   
1          4425        MARTIGNETTI COMPANIES   3405    Tito's Handmade Vodka   
2         17035  PERNOD RICARD USA             8068         Absolut 80 Proof   
3          3960  DIAGEO NORTH AMERICA INC      4261   Capt Morgan Spiced Rum   
4          3960  DIAGEO NORTH AMERICA INC      3545          Ketel One Vodka   

   PurchasePrice  ActualPrice Volume  TotalPurchaseQuantity  \
0          26.27        36.99   1750                 145080   
1          23.19        28.99   1750                 164038   
2          18.24        24.99   1750                 187407   
3          16.17        22.99   1750                 201682   
4          21.89        29.99   1750                 138109   

   TotalPurchaseDollars  TotalSalesQuantity  TotalSalesDollars  \
0            3811251.60            142049.0         5101919.51   
1            3804041.22            160247.0         4819073.49   
2            3418303.68            187140.0         4538120.60   
3            3261197.94            200412.0         4475972.88   
4            3023206.01            135838.0         4223107.62   

   TotalSalesPrice  TotalExciseTax  FreightCost  
0        672819.31       260999.20     68601.68  
1        561512.37       294438.66    144929.24  
2        461140.15       343854.07    123780.22  
3        420050.01       368242.80    257032.07  
4        545778.28       249587.83    257032.07  
2025-07-06 22:35:02,236 - INFO - Cleaning Data.....
2025-07-06 22:36:59,487 - INFO - Creating Vendor Summary Table.....
2025-07-06 22:37:08,686 - INFO -    VendorNumber                   VendorName  Brand              Description  \
0          1128  BROWN-FORMAN CORP             1233  Jack Daniels No 7 Black   
1          4425        MARTIGNETTI COMPANIES   3405    Tito's Handmade Vodka   
2         17035  PERNOD RICARD USA             8068         Absolut 80 Proof   
3          3960  DIAGEO NORTH AMERICA INC      4261   Capt Morgan Spiced Rum   
4          3960  DIAGEO NORTH AMERICA INC      3545          Ketel One Vodka   

   PurchasePrice  ActualPrice Volume  TotalPurchaseQuantity  \
0          26.27        36.99   1750                 145080   
1          23.19        28.99   1750                 164038   
2          18.24        24.99   1750                 187407   
3          16.17        22.99   1750                 201682   
4          21.89        29.99   1750                 138109   

   TotalPurchaseDollars  TotalSalesQuantity  TotalSalesDollars  \
0            3811251.60            142049.0         5101919.51   
1            3804041.22            160247.0         4819073.49   
2            3418303.68            187140.0         4538120.60   
3            3261197.94            200412.0         4475972.88   
4            3023206.01            135838.0         4223107.62   

   TotalSalesPrice  TotalExciseTax  FreightCost  
0        672819.31       260999.20     68601.68  
1        561512.37       294438.66    144929.24  
2        461140.15       343854.07    123780.22  
3        420050.01       368242.80    257032.07  
4        545778.28       249587.83    257032.07  
2025-07-06 22:37:08,687 - INFO - Cleaning Data.....
2025-07-06 22:37:08,690 - INFO -    VendorNumber                VendorName  Brand              Description  \
0          1128         BROWN-FORMAN CORP   1233  Jack Daniels No 7 Black   
1          4425     MARTIGNETTI COMPANIES   3405    Tito's Handmade Vodka   
2         17035         PERNOD RICARD USA   8068         Absolut 80 Proof   
3          3960  DIAGEO NORTH AMERICA INC   4261   Capt Morgan Spiced Rum   
4          3960  DIAGEO NORTH AMERICA INC   3545          Ketel One Vodka   

   PurchasePrice  ActualPrice  Volume  TotalPurchaseQuantity  \
0          26.27        36.99  1750.0                 145080   
1          23.19        28.99  1750.0                 164038   
2          18.24        24.99  1750.0                 187407   
3          16.17        22.99  1750.0                 201682   
4          21.89        29.99  1750.0                 138109   

   TotalPurchaseDollars  TotalSalesQuantity  TotalSalesDollars  \
0            3811251.60            142049.0         5101919.51   
1            3804041.22            160247.0         4819073.49   
2            3418303.68            187140.0         4538120.60   
3            3261197.94            200412.0         4475972.88   
4            3023206.01            135838.0         4223107.62   

   TotalSalesPrice  TotalExciseTax  FreightCost  
0        672819.31       260999.20     68601.68  
1        561512.37       294438.66    144929.24  
2        461140.15       343854.07    123780.22  
3        420050.01       368242.80    257032.07  
4        545778.28       249587.83    257032.07  
2025-07-06 22:37:08,691 - INFO - Ingesting data.....
2025-07-06 22:37:08,695 - ERROR - ❌ Failed to ingest DataFrame to        VendorNumber                VendorName  Brand  \
0              1128         BROWN-FORMAN CORP   1233   
1              4425     MARTIGNETTI COMPANIES   3405   
2             17035         PERNOD RICARD USA   8068   
3              3960  DIAGEO NORTH AMERICA INC   4261   
4              3960  DIAGEO NORTH AMERICA INC   3545   
...             ...                       ...    ...   
10687          9815            WINE GROUP INC   8527   
10688          8004            SAZERAC CO INC   5683   
10689          3924  HEAVEN HILL DISTILLERIES   9123   
10690          3960  DIAGEO NORTH AMERICA INC   6127   
10691          7245      PROXIMO SPIRITS INC.   3065   

                       Description  PurchasePrice  ActualPrice  Volume  \
0          Jack Daniels No 7 Black          26.27        36.99  1750.0   
1            Tito's Handmade Vodka          23.19        28.99  1750.0   
2                 Absolut 80 Proof          18.24        24.99  1750.0   
3           Capt Morgan Spiced Rum          16.17        22.99  1750.0   
4                  Ketel One Vodka          21.89        29.99  1750.0   
...                            ...            ...          ...     ...   
10687  Concannon Glen Ellen Wh Zin           1.32         4.99   750.0   
10688  Dr McGillicuddy's Apple Pie           0.39         0.49    50.0   
10689              Deep Eddy Vodka           0.74         0.99    50.0   
10690  The Club Strawbry Margarita           1.47         1.99   200.0   
10691     Three Olives Grape Vodka           0.71         0.99    50.0   

       TotalPurchaseQuantity  TotalPurchaseDollars  TotalSalesQuantity  \
0                     145080            3811251.60            142049.0   
1                     164038            3804041.22            160247.0   
2                     187407            3418303.68            187140.0   
3                     201682            3261197.94            200412.0   
4                     138109            3023206.01            135838.0   
...                      ...                   ...                 ...   
10687                      2                  2.64                 5.0   
10688                      6                  2.34               134.0   
10689                      2                  1.48                 2.0   
10690                      1                  1.47                72.0   
10691                      1                  0.71                86.0   

       TotalSalesDollars  TotalSalesPrice  TotalExciseTax  FreightCost  \
0             5101919.51        672819.31       260999.20     68601.68   
1             4819073.49        561512.37       294438.66    144929.24   
2             4538120.60        461140.15       343854.07    123780.22   
3             4475972.88        420050.01       368242.80    257032.07   
4             4223107.62        545778.28       249587.83    257032.07   
...                  ...              ...             ...          ...   
10687              15.95            10.96            0.55     27100.41   
10688              65.66             1.47            7.04     50293.62   
10689               1.98             0.99            0.10     14069.87   
10690             143.28            77.61           15.12    257032.07   
10691              85.14            33.66            4.46     38994.78   

       GrossProfit  ProfitMargin  StockTurnover  SalestoPurchaseRatio  \
0       1290667.91     25.297693       0.979108              1.338647   
1       1015032.27     21.062810       0.976890              1.266830   
2       1119816.92     24.675786       0.998575              1.327594   
3       1214774.94     27.139908       0.993703              1.372493   
4       1199901.61     28.412764       0.983556              1.396897   
...            ...           ...            ...                   ...   
10687        13.31     83.448276       2.500000              6.041667   
10688        63.32     96.436186      22.333333             28.059829   
10689         0.50     25.252525       1.000000              1.337838   
10690       141.81     98.974037      72.000000             97.469388   
10691        84.43     99.166079      86.000000            119.915493   

       SalesToPurchaseRatio  
0                  1.338647  
1                  1.266830  
2                  1.327594  
3                  1.372493  
4                  1.396897  
...                     ...  
10687              6.041667  
10688             28.059829  
10689              1.337838  
10690             97.469388  
10691            119.915493  

[10692 rows x 19 columns]: Execution failed on sql '
        SELECT
            name
        FROM
            sqlite_master
        WHERE
            type IN ('table', 'view')
            AND name=?;
        ': Error binding parameter 1: type 'DataFrame' is not supported
2025-07-06 22:37:08,695 - INFO - Completed.....
